[0118/235811.129:INFO:CONSOLE(1)] "Uncaught ReferenceError: start is not defined", source: file:///C:/Program%20Files/Google/Chrome/Application/120.0.6099.225/ (1)
[0118/235811.129:INFO:CONSOLE(2)] "Uncaught ReferenceError: onHasParentDirectory is not defined", source: file:///C:/Program%20Files/Google/Chrome/Application/120.0.6099.225/ (2)
[0118/235811.129:INFO:CONSOLE(3)] "Uncaught ReferenceError: addRow is not defined", source: file:///C:/Program%20Files/Google/Chrome/Application/120.0.6099.225/ (3)
[0118/235811.129:INFO:CONSOLE(4)] "Uncaught ReferenceError: addRow is not defined", source: file:///C:/Program%20Files/Google/Chrome/Application/120.0.6099.225/ (4)
[0118/235811.129:INFO:CONSOLE(5)] "Uncaught ReferenceError: addRow is not defined", source: file:///C:/Program%20Files/Google/Chrome/Application/120.0.6099.225/ (5)
[0118/235811.148:INFO:CONSOLE(6)] "Uncaught ReferenceError: addRow is not defined", source: file:///C:/Program%20Files/Google/Chrome/Application/120.0.6099.225/ (6)
[0118/235811.148:INFO:CONSOLE(7)] "Uncaught ReferenceError: addRow is not defined", source: file:///C:/Program%20Files/Google/Chrome/Application/120.0.6099.225/ (7)
[0118/235811.148:INFO:CONSOLE(8)] "Uncaught ReferenceError: addRow is not defined", source: file:///C:/Program%20Files/Google/Chrome/Application/120.0.6099.225/ (8)
[0118/235811.148:INFO:CONSOLE(9)] "Uncaught ReferenceError: addRow is not defined", source: file:///C:/Program%20Files/Google/Chrome/Application/120.0.6099.225/ (9)
[0118/235811.148:INFO:CONSOLE(10)] "Uncaught ReferenceError: addRow is not defined", source: file:///C:/Program%20Files/Google/Chrome/Application/120.0.6099.225/ (10)
[0118/235811.148:INFO:CONSOLE(11)] "Uncaught ReferenceError: addRow is not defined", source: file:///C:/Program%20Files/Google/Chrome/Application/120.0.6099.225/ (11)
[0118/235811.149:INFO:CONSOLE(12)] "Uncaught ReferenceError: addRow is not defined", source: file:///C:/Program%20Files/Google/Chrome/Application/120.0.6099.225/ (12)
[0118/235811.149:INFO:CONSOLE(13)] "Uncaught ReferenceError: addRow is not defined", source: file:///C:/Program%20Files/Google/Chrome/Application/120.0.6099.225/ (13)
[0118/235811.149:INFO:CONSOLE(14)] "Uncaught ReferenceError: addRow is not defined", source: file:///C:/Program%20Files/Google/Chrome/Application/120.0.6099.225/ (14)
[0118/235811.149:INFO:CONSOLE(15)] "Uncaught ReferenceError: addRow is not defined", source: file:///C:/Program%20Files/Google/Chrome/Application/120.0.6099.225/ (15)
[0118/235811.149:INFO:CONSOLE(16)] "Uncaught ReferenceError: addRow is not defined", source: file:///C:/Program%20Files/Google/Chrome/Application/120.0.6099.225/ (16)
[0118/235811.149:INFO:CONSOLE(17)] "Uncaught ReferenceError: addRow is not defined", source: file:///C:/Program%20Files/Google/Chrome/Application/120.0.6099.225/ (17)
[0118/235811.149:INFO:CONSOLE(18)] "Uncaught ReferenceError: addRow is not defined", source: file:///C:/Program%20Files/Google/Chrome/Application/120.0.6099.225/ (18)
[0118/235811.149:INFO:CONSOLE(19)] "Uncaught ReferenceError: addRow is not defined", source: file:///C:/Program%20Files/Google/Chrome/Application/120.0.6099.225/ (19)
[0118/235811.149:INFO:CONSOLE(20)] "Uncaught ReferenceError: addRow is not defined", source: file:///C:/Program%20Files/Google/Chrome/Application/120.0.6099.225/ (20)
[0118/235811.149:INFO:CONSOLE(21)] "Uncaught ReferenceError: addRow is not defined", source: file:///C:/Program%20Files/Google/Chrome/Application/120.0.6099.225/ (21)
[0118/235811.149:INFO:CONSOLE(22)] "Uncaught ReferenceError: addRow is not defined", source: file:///C:/Program%20Files/Google/Chrome/Application/120.0.6099.225/ (22)
[0118/235811.149:INFO:CONSOLE(23)] "Uncaught ReferenceError: addRow is not defined", source: file:///C:/Program%20Files/Google/Chrome/Application/120.0.6099.225/ (23)
[0118/235811.149:INFO:CONSOLE(24)] "Uncaught ReferenceError: addRow is not defined", source: file:///C:/Program%20Files/Google/Chrome/Application/120.0.6099.225/ (24)
[0118/235811.149:INFO:CONSOLE(25)] "Uncaught ReferenceError: addRow is not defined", source: file:///C:/Program%20Files/Google/Chrome/Application/120.0.6099.225/ (25)
[0118/235811.149:INFO:CONSOLE(26)] "Uncaught ReferenceError: addRow is not defined", source: file:///C:/Program%20Files/Google/Chrome/Application/120.0.6099.225/ (26)
[0118/235811.149:INFO:CONSOLE(27)] "Uncaught ReferenceError: addRow is not defined", source: file:///C:/Program%20Files/Google/Chrome/Application/120.0.6099.225/ (27)
[0118/235811.149:INFO:CONSOLE(28)] "Uncaught ReferenceError: addRow is not defined", source: file:///C:/Program%20Files/Google/Chrome/Application/120.0.6099.225/ (28)
[0118/235811.149:INFO:CONSOLE(29)] "Uncaught ReferenceError: addRow is not defined", source: file:///C:/Program%20Files/Google/Chrome/Application/120.0.6099.225/ (29)
[0118/235811.149:INFO:CONSOLE(30)] "Uncaught ReferenceError: addRow is not defined", source: file:///C:/Program%20Files/Google/Chrome/Application/120.0.6099.225/ (30)
[0118/235811.149:INFO:CONSOLE(31)] "Uncaught ReferenceError: addRow is not defined", source: file:///C:/Program%20Files/Google/Chrome/Application/120.0.6099.225/ (31)
[0118/235811.149:INFO:CONSOLE(32)] "Uncaught ReferenceError: addRow is not defined", source: file:///C:/Program%20Files/Google/Chrome/Application/120.0.6099.225/ (32)
[0118/235811.149:INFO:CONSOLE(33)] "Uncaught ReferenceError: addRow is not defined", source: file:///C:/Program%20Files/Google/Chrome/Application/120.0.6099.225/ (33)
[0118/235811.149:INFO:CONSOLE(34)] "Uncaught ReferenceError: addRow is not defined", source: file:///C:/Program%20Files/Google/Chrome/Application/120.0.6099.225/ (34)
[0118/235811.149:INFO:CONSOLE(35)] "Uncaught ReferenceError: addRow is not defined", source: file:///C:/Program%20Files/Google/Chrome/Application/120.0.6099.225/ (35)
[0118/235816.473:INFO:CONSOLE(7)] "Another connection wants to delete database 'wawc'. Closing db now to resume the delete request.", source: https://web.whatsapp.com/vendor1~app.4802d7adf05a55e9c1dc.js (7)
[0118/235818.471:INFO:CONSOLE(1)] "Store Object 'Perfil' was not found", source: D:\A2M\luxo\expresso\node_modules\@wppconnect-team\wppconnect\dist\lib\wapi\wapi.js (1)
[0118/235818.481:INFO:CONSOLE(0)] "[object PromiseRejectionEvent]", source:  (0)
[0118/235818.482:INFO:CONSOLE(1)] "Uncaught (in promise) TypeError: Cannot read properties of null (reading '__esModule')", source: D:\A2M\luxo\expresso\node_modules\@wppconnect-team\wppconnect\dist\lib\wapi\wapi.js (1)
